<?xml version="1.0" encoding="UTF-8"?>
<coverage generated="1635378160211" clover="3.2.0">
  <project timestamp="1635378160211" name="All files">
    <metrics statements="18" coveredstatements="10" conditionals="0" coveredconditionals="0" methods="4" coveredmethods="1" elements="22" coveredelements="11" complexity="0" loc="18" ncloc="18" packages="1" files="2" classes="2"/>
    <file name="blog.js" path="/Users/andrew.barrett/Desktop/Blog/routes/blog.js">
      <metrics statements="13" coveredstatements="5" conditionals="0" coveredconditionals="0" methods="3" coveredmethods="0"/>
      <line num="1" count="1" type="stmt"/>
      <line num="2" count="1" type="stmt"/>
      <line num="3" count="1" type="stmt"/>
      <line num="6" count="0" type="stmt"/>
      <line num="7" count="0" type="stmt"/>
      <line num="8" count="0" type="stmt"/>
      <line num="9" count="0" type="stmt"/>
      <line num="10" count="0" type="stmt"/>
      <line num="11" count="0" type="stmt"/>
      <line num="12" count="0" type="stmt"/>
      <line num="19" count="0" type="stmt"/>
      <line num="23" count="1" type="stmt"/>
      <line num="25" count="1" type="stmt"/>
    </file>
    <file name="home.js" path="/Users/andrew.barrett/Desktop/Blog/routes/home.js">
      <metrics statements="5" coveredstatements="5" conditionals="0" coveredconditionals="0" methods="1" coveredmethods="1"/>
      <line num="1" count="1" type="stmt"/>
      <line num="2" count="1" type="stmt"/>
      <line num="5" count="3" type="stmt"/>
      <line num="8" count="1" type="stmt"/>
      <line num="10" count="1" type="stmt"/>
    </file>
  </project>
</coverage>
